<?xml version='1.0' encoding='UTF-8'?>
<testsuite hostname="DESKTOP-ABMTF4L" name="MyHW3Test" tests="5" errors="0" failures="0" skipped="0" time="0.031" timestamp="2022-04-10T13:40:52">
          <properties>
      <property name="awt.toolkit" value="sun.awt.windows.WToolkit"/><property name="java.specification.version" value="11"/><property name="sun.cpu.isalist" value="amd64"/><property name="sun.jnu.encoding" value="Cp1252"/><property name="sun.arch.data.model" value="64"/><property name="sbt.supershell" value="false"/><property name="java.vendor.url" value="https://openjdk.java.net/"/><property name="sun.boot.library.path" value="C:\Program Files\Java\jdk-11.0.14\bin"/><property name="sun.java.command" value="C:\Users\haytr\AppData\Roaming\JetBrains\IdeaIC2021.3\plugins\Scala\launcher\sbt-launch.jar early(addPluginSbtFile=&quot;&quot;&quot;C:\Users\haytr\AppData\Local\Temp\idea.sbt&quot;&quot;&quot;) ; set ideaPort in Global := 58176 ; idea-shell"/><property name="jdk.debug" value="release"/><property name="sun.stderr.encoding" value="cp437"/><property name="java.specification.vendor" value="Oracle Corporation"/><property name="java.version.date" value="2022-01-18"/><property name="java.home" value="C:\Program Files\Java\jdk-11.0.14"/><property name="file.separator" value="\"/><property name="java.vm.compressedOopsMode" value="32-bit"/><property name="line.separator" value="
"/><property name="sun.stdout.encoding" value="cp437"/><property name="java.specification.name" value="Java Platform API Specification"/><property name="java.vm.specification.vendor" value="Oracle Corporation"/><property name="idea.installation.dir" value="C:\Program Files\JetBrains\IntelliJ IDEA Community Edition 2021.3.1"/><property name="user.script" value=""/><property name="sun.management.compiler" value="HotSpot 64-Bit Tiered Compilers"/><property name="java.runtime.version" value="11.0.14+8-LTS-263"/><property name="user.name" value="haytr"/><property name="log4j.ignoreTCL" value="true"/><property name="file.encoding" value="UTF-8"/><property name="jnidispatch.path" value="C:\Users\haytr\AppData\Local\Temp\jna-99055902\jna12089931597197768501.dll"/><property name="java.vendor.version" value="18.9"/><property name="jna.loaded" value="true"/><property name="java.io.tmpdir" value="C:\Users\haytr\AppData\Local\Temp\"/><property name="java.version" value="11.0.14"/><property name="java.vm.specification.name" value="Java Virtual Machine Specification"/><property name="java.awt.printerjob" value="sun.awt.windows.WPrinterJob"/><property name="sun.os.patch.level" value=""/><property name="java.library.path" value="C:\Program Files\Java\jdk-11.0.14\bin;C:\Windows\Sun\Java\bin;C:\Windows\system32;C:\Windows;C:\Program Files\Common Files\Oracle\Java\javapath;C:\Program Files (x86)\Common Files\Oracle\Java\javapath;C:\Windows\system32;C:\Windows;C:\Windows\System32\Wbem;C:\Windows\System32\WindowsPowerShell\v1.0\;C:\Windows\System32\OpenSSH\;C:\Program Files\Git\cmd;C:\Users\haytr\anaconda3\condabin;C:\Program Files (x86)\sbt\bin;C:\Program Files\MySQL\MySQL Shell 8.0\bin\;C:\Users\haytr\AppData\Local\Microsoft\WindowsApps;C:\Users\haytr\AppData\Local\Programs\Microsoft VS Code\bin;D:\MySQL\bin;C:\Users\haytr\anaconda3\condabin;C:\Users\haytr\OneDrive\Desktop\php server\php host;;."/><property name="java.vendor" value="Oracle Corporation"/><property name="sun.io.unicode.encoding" value="UnicodeLittle"/><property name="sun.desktop" value="windows"/><property name="java.class.path" value="C:\Users\haytr\AppData\Roaming\JetBrains\IdeaIC2021.3\plugins\Scala\launcher\sbt-launch.jar"/><property name="java.vm.vendor" value="Oracle Corporation"/><property name="user.variant" value=""/><property name="jline.shutdownhook" value="false"/><property name="user.timezone" value="America/Chicago"/><property name="os.name" value="Windows 10"/><property name="java.vm.specification.version" value="11"/><property name="sun.java.launcher" value="SUN_STANDARD"/><property name="user.country" value="US"/><property name="sun.cpu.endian" value="little"/><property name="user.home" value="C:\Users\haytr"/><property name="user.language" value="en"/><property name="swoval.tmpdir" value="C:\Users\haytr\.sbt\1.0"/><property name="java.awt.graphicsenv" value="sun.awt.Win32GraphicsEnvironment"/><property name="jline.esc.timeout" value="0"/><property name="path.separator" value=";"/><property name="os.version" value="10.0"/><property name="jna.nosys" value="true"/><property name="java.runtime.name" value="Java(TM) SE Runtime Environment"/><property name="sbt.log.noformat" value="true"/><property name="java.vm.name" value="Java HotSpot(TM) 64-Bit Server VM"/><property name="java.vendor.url.bug" value="https://bugreport.java.com/bugreport/"/><property name="user.dir" value="C:\Users\haytr\untitled3"/><property name="os.arch" value="amd64"/><property name="idea.managed" value="true"/><property name="java.vm.info" value="mixed mode"/><property name="java.vm.version" value="11.0.14+8-LTS-263"/><property name="java.class.version" value="55.0"/>
    </properties>
          <testcase classname="MyHW3Test" name="my first language for set theory operations should testing AbstractClassDef with abstract class name of Someclass" time="0.019">
                      
                    </testcase><testcase classname="MyHW3Test" name="my first language for set theory operations should testing AbstractClassDef with abstract class name of SomeAbstractClass even though there is already an existing class with that name" time="0.0">
                      
                    </testcase><testcase classname="MyHW3Test" name="my first language for set theory operations should testing ExtendClassDef with class name SomeClass that extends SomeAbstractClass" time="0.007">
                      
                    </testcase><testcase classname="MyHW3Test" name="my first language for set theory operations should testing InterfaceDef with string newinter adding abstract class named abstractclass in body" time="0.004">
                      
                    </testcase><testcase classname="MyHW3Test" name="my first language for set theory operations should testing CallingClass with class called SomeClass that is trying to call method from SomeAbstractClass" time="0.001">
                      
                    </testcase>
          <system-out><![CDATA[]]></system-out>
          <system-err><![CDATA[]]></system-err>
        </testsuite>